<?xml version="1.0" encoding="UTF-8"?>
<testsuite xmlns:xsi="http://www.w3.org/2001/XMLSchema-instance" xsi:noNamespaceSchemaLocation="https://maven.apache.org/surefire/maven-surefire-plugin/xsd/surefire-test-report-3.0.xsd" version="3.0" name="UpdateUserTests" time="15.412" tests="11" errors="0" skipped="0" failures="0">
  <properties>
[...]
</properties>
  <testcase name="Users_UpdateUsers_Failure_InvalidDataWithMessages(String, CreateUserModel, String[], String[])[8]" classname="UpdateUserTests" time="1.03">
    <system-out><![CDATA[Running test on thread: ForkJoinPool-1-worker-2
Meta: null
Data: [{field=gender, message=can't be blank, can be male of female}, {field=email, message=has already been taken}]
]]></system-out>
  </testcase>
  <testcase name="Users_UpdateUsers_Failure_InvalidDataWithMessages(String, CreateUserModel, String[], String[])[5]" classname="UpdateUserTests" time="2.354">
    <system-out><![CDATA[Meta: null
Meta: null
Meta: null
Data: [{field=name, message=can't be blank}, {field=gender, message=can't be blank, can be male of female}, {field=email, message=has already been taken}]
Data: [{field=email, message=can't be blank}, {field=status, message=can't be blank}]
]]></system-out>
  </testcase>
  <testcase name="Users_UpdateUsers_Failure_InvalidDataWithMessages(String, CreateUserModel, String[], String[])[3]" classname="UpdateUserTests" time="2.753">
    <system-out><![CDATA[Data: [{field=email, message=can't be blank}, {field=gender, message=can't be blank, can be male of female}]
]]></system-out>
  </testcase>
  <testcase name="Users_UpdateUsers_Failure_InvalidDataWithMessages(String, CreateUserModel, String[], String[])[2]" classname="UpdateUserTests" time="2.754"/>
  <testcase name="Users_UpdateUsers_Failure_InvalidDataWithMessages(String, CreateUserModel, String[], String[])[11]" classname="UpdateUserTests" time="1.029">
    <system-out><![CDATA[Meta: null
Data: [{field=email, message=can't be blank}, {field=name, message=can't be blank}, {field=status, message=can't be blank}]
]]></system-out>
  </testcase>
  <testcase name="Users_UpdateUsers_Failure_InvalidDataWithMessages(String, CreateUserModel, String[], String[])[6]" classname="UpdateUserTests" time="1.102">
    <system-out><![CDATA[Meta: null
Data: [{field=email, message=has already been taken}]
]]></system-out>
  </testcase>
  <testcase name="Users_UpdateUsers_Failure_InvalidDataWithMessages(String, CreateUserModel, String[], String[])[14]" classname="UpdateUserTests" time="1.035">
    <system-out><![CDATA[Meta: null
Data: [{field=email, message=can't be blank}, {field=name, message=can't be blank}, {field=gender, message=can't be blank, can be male of female}, {field=status, message=can't be blank}]
]]></system-out>
  </testcase>
  <testcase name="Users_UpdateUsers_Failure_InvalidDataWithMessages(String, CreateUserModel, String[], String[])[12]" classname="UpdateUserTests" time="1.305">
    <system-out><![CDATA[Meta: null
Data: [{field=name, message=can't be blank}, {field=gender, message=can't be blank, can be male of female}, {field=status, message=can't be blank}, {field=email, message=has already been taken}]
]]></system-out>
  </testcase>
  <testcase name="Users_UpdateUsers_Failure_InvalidDataWithMessages(String, CreateUserModel, String[], String[])[13]" classname="UpdateUserTests" time="1.425">
    <system-out><![CDATA[Meta: null
Data: [{field=email, message=can't be blank}, {field=gender, message=can't be blank, can be male of female}, {field=status, message=can't be blank}]
]]></system-out>
  </testcase>
  <testcase name="Users_UpdateUsers_Failure_InvalidDataWithMessages(String, CreateUserModel, String[], String[])[7]" classname="UpdateUserTests" time="1.581">
    <system-out><![CDATA[Meta: null
Data: [{field=name, message=can't be blank}, {field=email, message=has already been taken}]
]]></system-out>
  </testcase>
  <testcase name="Users_UpdateUsers_Failure_InvalidDataWithMessages(String, CreateUserModel, String[], String[])[9]" classname="UpdateUserTests" time="1.652">
    <system-out><![CDATA[Meta: null
Data: [{field=email, message=can't be blank}]
]]></system-out>
  </testcase>
</testsuite>