<?xml version="1.0" encoding="UTF-8"?>
<testsuite xmlns:xsi="http://www.w3.org/2001/XMLSchema-instance" xsi:noNamespaceSchemaLocation="https://maven.apache.org/surefire/maven-surefire-plugin/xsd/surefire-test-report-3.0.xsd" version="3.0" name="CreateUserTests" time="13.603" tests="61" errors="0" skipped="0" failures="0">
  <properties>
[...]
</properties>
  <testcase name="Users_CreateUsers_ResponseHeaders" classname="CreateUserTests" time="3.429">
    <system-out><![CDATA[Running test on thread: ForkJoinPool-1-worker-1
Running test on thread: ForkJoinPool-1-worker-8
Running test on thread: ForkJoinPool-1-worker-4
Running test on thread: ForkJoinPool-1-worker-6
Running test on thread: ForkJoinPool-1-worker-5
Running test on thread: ForkJoinPool-1-worker-2
Running test on thread: ForkJoinPool-1-worker-3
]]></system-out>
  </testcase>
  <testcase name="Users_CreateUsers_Failure_NullFields" classname="CreateUserTests" time="4.373">
    <system-out><![CDATA[Running test on thread: ForkJoinPool-1-worker-6
]]></system-out>
  </testcase>
  <testcase name="Users_CreateUsers_Failure_LongName" classname="CreateUserTests" time="0.942"/>
  <testcase name="Users_CreateUsers_Failure_NoToken" classname="CreateUserTests" time="4.403">
    <system-out><![CDATA[Running test on thread: ForkJoinPool-1-worker-6
Running test on thread: ForkJoinPool-1-worker-4
]]></system-out>
  </testcase>
  <testcase name="Users_CreateUsers_Success" classname="CreateUserTests" time="0.573">
    <system-out><![CDATA[Running test on thread: ForkJoinPool-1-worker-1
Meta: null
Data: {id=7333385, name=Gino Paloma, email=qatest+331625cf-2359-49b9-9e40-69a8cd0c9187@test.com, gender=male, status=active}
]]></system-out>
  </testcase>
  <testcase name="Users_CreateUsers_Failure_VeryLongEmail" classname="CreateUserTests" time="0.731">
    <system-out><![CDATA[Running test on thread: ForkJoinPool-1-worker-5
]]></system-out>
  </testcase>
  <testcase name="Users_CreateUsers_ShouldBeAFailure_SpecialCharactersInName" classname="CreateUserTests" time="0.77">
    <system-out><![CDATA[Running test on thread: ForkJoinPool-1-worker-6
]]></system-out>
  </testcase>
  <testcase name="Users_CreateUsers_Failure_InvalidData(CreateUserModel)[1]" classname="CreateUserTests" time="0.396">
    <system-out><![CDATA[Running test on thread: ForkJoinPool-1-worker-3
Meta: null
Data: [{field=name, message=can't be blank}, {field=email, message=has already been taken}]
]]></system-out>
  </testcase>
  <testcase name="Users_CreateUsers_Failure_EmptyFields" classname="CreateUserTests" time="0.737">
    <system-out><![CDATA[Running test on thread: ForkJoinPool-1-worker-2
Meta: null
Data: [{field=email, message=can't be blank}, {field=name, message=can't be blank}, {field=gender, message=can't be blank, can be male of female}, {field=status, message=can't be blank}]
]]></system-out>
  </testcase>
  <testcase name="Users_CreateUsers_ShouldBeAFailure_SQLInjectionInName" classname="CreateUserTests" time="0.738">
    <system-out><![CDATA[Running test on thread: ForkJoinPool-1-worker-5
]]></system-out>
  </testcase>
  <testcase name="Users_CreateUsers_Failure_InvalidData(CreateUserModel)[2]" classname="CreateUserTests" time="0.737">
    <system-out><![CDATA[Running test on thread: ForkJoinPool-1-worker-6
Meta: null
Data: [{field=name, message=can't be blank}, {field=gender, message=can't be blank, can be male of female}, {field=email, message=has already been taken}]
]]></system-out>
  </testcase>
  <testcase name="Users_CreateUsers_ShouldBeAFailure_HTMLTagsInName" classname="CreateUserTests" time="0.991">
    <system-out><![CDATA[Running test on thread: ForkJoinPool-1-worker-1
]]></system-out>
  </testcase>
  <testcase name="Users_CreateUsers_Failure_UnspecifiedGender" classname="CreateUserTests" time="1.104">
    <system-out><![CDATA[Running test on thread: ForkJoinPool-1-worker-4
]]></system-out>
  </testcase>
  <testcase name="Users_CreateUsers_Failure_InvalidData(CreateUserModel)[5]" classname="CreateUserTests" time="0.683">
    <system-out><![CDATA[Running test on thread: ForkJoinPool-1-worker-6
Meta: null
Data: [{field=status, message=can't be blank}, {field=email, message=has already been taken}]
]]></system-out>
  </testcase>
  <testcase name="Users_CreateUsers_Failure_InvalidEmail" classname="CreateUserTests" time="0.823">
    <system-out><![CDATA[Running test on thread: ForkJoinPool-1-worker-3
Meta: null
Data: [{field=email, message=is invalid}]
]]></system-out>
  </testcase>
  <testcase name="Users_CreateUsers_Failure_InvalidData(CreateUserModel)[3]" classname="CreateUserTests" time="1.226">
    <system-out><![CDATA[Running test on thread: ForkJoinPool-1-worker-5
Meta: null
Data: [{field=email, message=can't be blank}, {field=gender, message=can't be blank, can be male of female}]
]]></system-out>
  </testcase>
  <testcase name="Users_CreateUsers_Failure_UnspecifiedStatus" classname="CreateUserTests" time="0.821">
    <system-out><![CDATA[Running test on thread: ForkJoinPool-1-worker-2
]]></system-out>
  </testcase>
  <testcase name="Users_CreateUsers_Failure_InvalidToken" classname="CreateUserTests" time="1.555">
    <system-out><![CDATA[Running test on thread: ForkJoinPool-1-worker-4
]]></system-out>
  </testcase>
  <testcase name="Users_CreateUsers_Failure_VeryShortName" classname="CreateUserTests" time="0.979">
    <system-out><![CDATA[Running test on thread: ForkJoinPool-1-worker-6
Iteration: 0
Field: name
Expected Message: can't be blank
Actual Message: can't be blank
Iteration: 1
Field: status
Expected Message: can't be blank
Actual Message: can't be blank
]]></system-out>
  </testcase>
  <testcase name="Users_CreateUsers_Failure_InvalidDataWithMessages(CreateUserModel, String[], String[])[9]" classname="CreateUserTests" time="0.822">
    <system-out><![CDATA[Running test on thread: ForkJoinPool-1-worker-4
Meta: null
Data: [{field=name, message=can't be blank}, {field=status, message=can't be blank}, {field=email, message=has already been taken}]
]]></system-out>
  </testcase>
  <testcase name="Users_CreateUsers_Failure_InvalidData(CreateUserModel)[4]" classname="CreateUserTests" time="1.64">
    <system-out><![CDATA[Running test on thread: ForkJoinPool-1-worker-5
Meta: null
Data: [{field=gender, message=can't be blank, can be male of female}, {field=status, message=can't be blank}, {field=email, message=has already been taken}]
]]></system-out>
  </testcase>
  <testcase name="Users_CreateUsers_Failure_DuplicateEmail" classname="CreateUserTests" time="0.818">
    <system-out><![CDATA[Running test on thread: ForkJoinPool-1-worker-8
Meta: null
Data: [{field=email, message=has already been taken}]
]]></system-out>
  </testcase>
  <testcase name="Users_CreateUsers_Failure_InvalidData(CreateUserModel)[6]" classname="CreateUserTests" time="0.476">
    <system-out><![CDATA[Running test on thread: ForkJoinPool-1-worker-4
Meta: null
Data: [{field=email, message=can't be blank}]
]]></system-out>
  </testcase>
  <testcase name="Users_CreateUsers_Failure_InvalidDataWithMessages(CreateUserModel, String[], String[])[10]" classname="CreateUserTests" time="1.065">
    <system-out><![CDATA[Running test on thread: ForkJoinPool-1-worker-3
Iteration: 1
Field: status
Expected Message: can't be blank
Actual Message: can't be blank
Meta: null
Data: [{field=email, message=can't be blank}, {field=status, message=can't be blank}]
]]></system-out>
  </testcase>
  <testcase name="Users_CreateUsers_Failure_InvalidDataWithMessages(CreateUserModel, String[], String[])[1]" classname="CreateUserTests" time="0.444">
    <system-out><![CDATA[Running test on thread: ForkJoinPool-1-worker-5
Iteration: 0
Field: name
Expected Message: can't be blank
Actual Message: can't be blank
Iteration: 1
Field: gender
Expected Message: can't be blank, can be male of female
Actual Message: can't be blank, can be male of female
Iteration: 0
Field: name
Expected Message: can't be blank
Actual Message: can't be blank
Iteration: 2
Field: status
Expected Message: can't be blank
Actual Message: can't be blank
Meta: null
Meta: null
Data: [{field=name, message=can't be blank}, {field=email, message=has already been taken}]
Data: [{field=name, message=can't be blank}, {field=gender, message=can't be blank, can be male of female}, {field=status, message=can't be blank}, {field=email, message=has already been taken}]
]]></system-out>
  </testcase>
  <testcase name="Users_CreateUsers_Failure_InvalidDataWithMessages(CreateUserModel, String[], String[])[12]" classname="CreateUserTests" time="0.387"/>
  <testcase name="Users_CreateUsers_Failure_InvalidDataWithMessages(CreateUserModel, String[], String[])[2]" classname="CreateUserTests" time="0.413"/>
  <testcase name="Users_CreateUsers_Failure_InvalidDataWithMessages(CreateUserModel, String[], String[])[14]" classname="CreateUserTests" time="0.536">
    <system-out><![CDATA[Running test on thread: ForkJoinPool-1-worker-8
Iteration: 2
Field: status
Expected Message: can't be blank
Actual Message: can't be blank
Meta: null
Data: [{field=email, message=can't be blank}, {field=gender, message=can't be blank, can be male of female}, {field=status, message=can't be blank}]
]]></system-out>
  </testcase>
  <testcase name="Users_CreateUsers_Failure_InvalidDataWithMessages(CreateUserModel, String[], String[])[4]" classname="CreateUserTests" time="0.36">
    <system-out><![CDATA[Running test on thread: ForkJoinPool-1-worker-4
Iteration: 0
Field: status
Expected Message: can't be blank
Actual Message: can't be blank
Iteration: 1
Field: gender
Expected Message: can't be blank, can be male of female
Actual Message: can't be blank, can be male of female
Meta: null
Data: [{field=gender, message=can't be blank, can be male of female}, {field=status, message=can't be blank}, {field=email, message=has already been taken}]
]]></system-out>
  </testcase>
  <testcase name="Users_CreateUsers_Failure_InvalidDataWithMessages(CreateUserModel, String[], String[])[5]" classname="CreateUserTests" time="0.535">
    <system-out><![CDATA[Running test on thread: ForkJoinPool-1-worker-6
Iteration: 0
Field: status
Expected Message: can't be blank
Actual Message: can't be blank
Meta: null
Iteration: 0
Field: email
Expected Message: can't be blank
Actual Message: can't be blank
Data: [{field=status, message=can't be blank}, {field=email, message=has already been taken}]
]]></system-out>
  </testcase>
  <testcase name="Users_CreateUsers_Failure_InvalidDataWithMessages(CreateUserModel, String[], String[])[3]" classname="CreateUserTests" time="0.86">
    <system-out><![CDATA[Running test on thread: ForkJoinPool-1-worker-5
Iteration: 1
Field: gender
Expected Message: can't be blank, can be male of female
Actual Message: can't be blank, can be male of female
Meta: null
Data: [{field=email, message=can't be blank}, {field=gender, message=can't be blank, can be male of female}]
]]></system-out>
  </testcase>
  <testcase name="Users_CreateUsers_Failure_InvalidDataWithMessages(CreateUserModel, String[], String[])[6]" classname="CreateUserTests" time="0.902">
    <system-out><![CDATA[Running test on thread: ForkJoinPool-1-worker-8
Iteration: 0
Field: email
Expected Message: can't be blank
Actual Message: can't be blank
Meta: null
Data: [{field=email, message=can't be blank}]
]]></system-out>
  </testcase>
  <testcase name="Users_CreateUsers_Failure_InvalidDataWithMessages(CreateUserModel, String[], String[])[11]" classname="CreateUserTests" time="0.641">
    <system-out><![CDATA[Iteration: 0
Field: gender
Expected Message: can't be blank, can be male of female
Actual Message: can't be blank, can be male of female
Iteration: 1
Field: status
Expected Message: can't be blank
Actual Message: can't be blank
Meta: null
Data: [{field=gender, message=can't be blank, can be male of female}, {field=status, message=can't be blank}, {field=email, message=has already been taken}]
]]></system-out>
  </testcase>
  <testcase name="Users_CreateUsers_Failure_InvalidDataWithMessages(CreateUserModel, String[], String[])[8]" classname="CreateUserTests" time="0.782">
    <system-out><![CDATA[Meta: null
Data: [{field=email, message=can't be blank}, {field=name, message=can't be blank}]
]]></system-out>
  </testcase>
  <testcase name="Users_CreateUsers_Failure_InvalidDataWithMessages(CreateUserModel, String[], String[])[15]" classname="CreateUserTests" time="0.619">
    <system-out><![CDATA[Iteration: 0
Field: name
Expected Message: can't be blank
Actual Message: can't be blank
Iteration: 1
Field: gender
Expected Message: can't be blank, can be male of female
Actual Message: can't be blank, can be male of female
Iteration: 0
Field: name
Expected Message: can't be blank
Actual Message: can't be blank
Iteration: 2
Field: email
Expected Message: can't be blank
Actual Message: can't be blank
Iteration: 1
Iteration: 3
Field: status
Field: email
Expected Message: can't be blank
Expected Message: can't be blank
Actual Message: can't be blank
Actual Message: can't be blank
Meta: null
Iteration: 2
Field: gender
Expected Message: can't be blank, can be male of female
Actual Message: can't be blank, can be male of female
Data: [{field=email, message=can't be blank}, {field=name, message=can't be blank}, {field=gender, message=can't be blank, can be male of female}, {field=status, message=can't be blank}]
]]></system-out>
  </testcase>
  <testcase name="Users_CreateUsers_Failure_InvalidDataWithMessages(CreateUserModel, String[], String[])[7]" classname="CreateUserTests" time="1.019">
    <system-out><![CDATA[Meta: null
Data: [{field=email, message=can't be blank}, {field=name, message=can't be blank}, {field=gender, message=can't be blank, can be male of female}]
]]></system-out>
  </testcase>
  <testcase name="Users_CreateUsers_Failure_InvalidDataWithMessages(CreateUserModel, String[], String[])[13]" classname="CreateUserTests" time="1.393">
    <system-out><![CDATA[Iteration: 0
Field: name
Expected Message: can't be blank
Actual Message: can't be blank
Iteration: 1
Field: email
Expected Message: can't be blank
Actual Message: can't be blank
Iteration: 2
Field: status
Expected Message: can't be blank
Actual Message: can't be blank
Meta: null
Data: [{field=email, message=can't be blank}, {field=name, message=can't be blank}, {field=status, message=can't be blank}]
]]></system-out>
  </testcase>
  <testcase name="Users_UpdateUsers_Failure_NonExistentUser" classname="UpdateUserTests" time="4.787">
    <system-out><![CDATA[Running test on thread: ForkJoinPool-1-worker-2
]]></system-out>
  </testcase>
  <testcase name="Users_UpdateUsers_Failure_NoToken_InvalidId" classname="UpdateUserTests" time="4.989">
    <system-out><![CDATA[Running test on thread: ForkJoinPool-1-worker-4
]]></system-out>
  </testcase>
  <testcase name="Users_UpdateUsers_Failure_InvalidGender" classname="UpdateUserTests" time="5.181">
    <system-out><![CDATA[Running test on thread: ForkJoinPool-1-worker-2
]]></system-out>
  </testcase>
  <testcase name="Users_UpdateUsers_Failure_InvalidData(CreateUserModel)[1]" classname="UpdateUserTests" time="5.241">
    <system-out><![CDATA[Running test on thread: ForkJoinPool-1-worker-8
]]></system-out>
  </testcase>
  <testcase name="Users_UpdateUsers_Failure_InvalidStatus" classname="UpdateUserTests" time="0.819">
    <system-out><![CDATA[Running test on thread: ForkJoinPool-1-worker-4
]]></system-out>
  </testcase>
  <testcase name="Users_UpdateUsers_Failure_VeryLongEmail" classname="UpdateUserTests" time="1.604">
    <system-out><![CDATA[Running test on thread: ForkJoinPool-1-worker-2
]]></system-out>
  </testcase>
  <testcase name="Users_UpdateUsers_Failure_VeryShortName" classname="UpdateUserTests" time="2.027">
    <system-out><![CDATA[Running test on thread: ForkJoinPool-1-worker-2
]]></system-out>
  </testcase>
  <testcase name="Users_UpdateUsers_Failure_InvalidData(CreateUserModel)[2]" classname="UpdateUserTests" time="1.994">
    <system-out><![CDATA[Running test on thread: ForkJoinPool-1-worker-8
]]></system-out>
  </testcase>
  <testcase name="Users_UpdateUsers_Failure_InvalidToken" classname="UpdateUserTests" time="1.44">
    <system-out><![CDATA[Running test on thread: ForkJoinPool-1-worker-4
]]></system-out>
  </testcase>
  <testcase name="Users_UpdateUsers_Failure_NoToken" classname="UpdateUserTests" time="2.318">
    <system-out><![CDATA[Running test on thread: ForkJoinPool-1-worker-1
]]></system-out>
  </testcase>
  <testcase name="Users_UpdateUsers_Failure_InvalidData(CreateUserModel)[3]" classname="UpdateUserTests" time="2.274">
    <system-out><![CDATA[Running test on thread: ForkJoinPool-1-worker-6
]]></system-out>
  </testcase>
  <testcase name="Users_UpdateUsers_Failure_InvalidEmail" classname="UpdateUserTests" time="1.771">
    <system-out><![CDATA[Running test on thread: ForkJoinPool-1-worker-3
]]></system-out>
  </testcase>
  <testcase name="Users_UpdateUsers_Failure_EmptyFields" classname="UpdateUserTests" time="1.599">
    <system-out><![CDATA[Running test on thread: ForkJoinPool-1-worker-1
]]></system-out>
  </testcase>
  <testcase name="Users_UpdateUsers_Failure_UnspecifiedGender" classname="UpdateUserTests" time="2.888">
    <system-out><![CDATA[Running test on thread: ForkJoinPool-1-worker-2
]]></system-out>
  </testcase>
  <testcase name="Users_UpdateUsers_Failure_InvalidData(CreateUserModel)[4]" classname="UpdateUserTests" time="0.817">
    <system-out><![CDATA[Running test on thread: ForkJoinPool-1-worker-2
Iteration: 0
Field: email
Expected Message: can't be blank
Actual Message: can't be blank
]]></system-out>
  </testcase>
  <testcase name="Users_UpdateUsers_ShouldBeAFailure_SQLInjectionInName" classname="UpdateUserTests" time="0.744">
    <system-out><![CDATA[Running test on thread: ForkJoinPool-1-worker-6
]]></system-out>
  </testcase>
  <testcase name="Users_UpdateUsers_ShouldBeAFailure_HTMLTagsInName" classname="UpdateUserTests" time="1.336">
    <system-out><![CDATA[Running test on thread: ForkJoinPool-1-worker-2
Running test on thread: ForkJoinPool-1-worker-6
]]></system-out>
  </testcase>
  <testcase name="Users_UpdateUsers_Failure_LongName" classname="UpdateUserTests" time="0.848">
    <system-out><![CDATA[Running test on thread: ForkJoinPool-1-worker-1
Iteration: 0
Field: name
Expected Message: can't be blank
Actual Message: can't be blank
Iteration: 1
Field: gender
Expected Message: can't be blank, can be male of female
Actual Message: can't be blank, can be male of female
Meta: null
Data: [{field=name, message=can't be blank}, {field=gender, message=can't be blank, can be male of female}, {field=email, message=has already been taken}]
]]></system-out>
  </testcase>
  <testcase name="Users_UpdateUsers_ResponseHeaders" classname="UpdateUserTests" time="1.184">
    <system-out><![CDATA[Running test on thread: ForkJoinPool-1-worker-3
Running test on thread: ForkJoinPool-1-worker-2
Iteration: 0
Field: gender
Expected Message: can't be blank, can be male of female
Actual Message: can't be blank, can be male of female
Iteration: 1
Field: email
Expected Message: can't be blank
Actual Message: can't be blank
]]></system-out>
  </testcase>
  <testcase name="updateUserUsingFetchedData" classname="UpdateUserTests" time="1.353">
    <system-out><![CDATA[Running test on thread: ForkJoinPool-1-worker-6
]]></system-out>
  </testcase>
  <testcase name="Users_UpdateUsers_ShouldBeAFailure_SpecialCharactersInName" classname="UpdateUserTests" time="1.559">
    <system-out><![CDATA[Running test on thread: ForkJoinPool-1-worker-4
]]></system-out>
  </testcase>
  <testcase name="Users_UpdateUsers_Failure_NullFields" classname="UpdateUserTests" time="1.25">
    <system-out><![CDATA[Running test on thread: ForkJoinPool-1-worker-9
]]></system-out>
  </testcase>
  <testcase name="Users_UpdateUsers_Success" classname="UpdateUserTests" time="1.114">
    <system-out><![CDATA[Running test on thread: ForkJoinPool-1-worker-10
]]></system-out>
  </testcase>
  <testcase name="Users_UpdateUsers_Failure_UnusualStatus" classname="UpdateUserTests" time="1.605">
    <system-out><![CDATA[Iteration: 0
Field: name
Expected Message: can't be blank
Actual Message: can't be blank
Iteration: 1
Field: email
Expected Message: can't be blank
Actual Message: can't be blank
]]></system-out>
  </testcase>
</testsuite>